This file contains any messages produced by compilers while
running configure, to aid debugging if configure makes a mistake.

It was created by GStreamer OpenMAX Plug-ins configure 0.10.0.1, which was
generated by GNU Autoconf 2.69.  Invocation command line was

  $ ./configure --enable-maintainer-mode --enable-gtk-doc --with-omx-target=rpi --disable-fatal-warnings --disable-gtk-doc --disable-tests --disable-examples --disable-debug --disable-debugutils

## --------- ##
## Platform. ##
## --------- ##

hostname = pikachu2
uname -m = armv6l
uname -r = 3.6.11+
uname -s = Linux
uname -v = #474 PREEMPT Thu Jun 13 17:14:42 BST 2013

/usr/bin/uname -p = unknown
/bin/uname -X     = unknown

/bin/arch              = unknown
/usr/bin/arch -k       = unknown
/usr/convex/getsysinfo = unknown
/usr/bin/hostinfo      = unknown
/bin/machine           = unknown
/usr/bin/oslevel       = unknown
/bin/universe          = unknown

PATH: /usr/local/sbin
PATH: /usr/local/bin
PATH: /usr/sbin
PATH: /usr/bin
PATH: /sbin
PATH: /bin


## ----------- ##
## Core tests. ##
## ----------- ##

configure:2801: checking for a BSD-compatible install
configure:2869: result: /usr/bin/install -c
configure:2880: checking whether build environment is sane
configure:2930: result: yes
configure:3071: checking for a thread-safe mkdir -p
configure:3110: result: /bin/mkdir -p
configure:3123: checking for gawk
configure:3153: result: no
configure:3123: checking for mawk
configure:3139: found /usr/bin/mawk
configure:3150: result: mawk
configure:3161: checking whether make sets $(MAKE)
configure:3183: result: yes
configure:3275: checking nano version
configure:3287: result: 1
configure:3307: checking whether to enable maintainer-specific portions of Makefiles
configure:3316: result: yes
configure:3334: checking build system type
configure:3348: result: armv6l-unknown-linux-gnueabihf
configure:3368: checking host system type
configure:3381: result: armv6l-unknown-linux-gnueabihf
configure:3413: checking whether make supports nested variables
configure:3430: result: yes
configure:3804: checking how to print strings
configure:3831: result: printf
configure:3864: checking for style of include used by make
configure:3892: result: GNU
configure:3963: checking for gcc
configure:3979: found /usr/bin/gcc
configure:3990: result: gcc
configure:4219: checking for C compiler version
configure:4228: gcc --version >&5
gcc (Debian 4.6.3-14+rpi1) 4.6.3
Copyright (C) 2011 Free Software Foundation, Inc.
This is free software; see the source for copying conditions.  There is NO
warranty; not even for MERCHANTABILITY or FITNESS FOR A PARTICULAR PURPOSE.

configure:4239: $? = 0
configure:4228: gcc -v >&5
Using built-in specs.
COLLECT_GCC=gcc
COLLECT_LTO_WRAPPER=/usr/lib/gcc/arm-linux-gnueabihf/4.6/lto-wrapper
Target: arm-linux-gnueabihf
Configured with: ../src/configure -v --with-pkgversion='Debian 4.6.3-14+rpi1' --with-bugurl=file:///usr/share/doc/gcc-4.6/README.Bugs --enable-languages=c,c++,fortran,objc,obj-c++ --prefix=/usr --program-suffix=-4.6 --enable-shared --enable-linker-build-id --with-system-zlib --libexecdir=/usr/lib --without-included-gettext --enable-threads=posix --with-gxx-include-dir=/usr/include/c++/4.6 --libdir=/usr/lib --enable-nls --with-sysroot=/ --enable-clocale=gnu --enable-libstdcxx-debug --enable-libstdcxx-time=yes --enable-gnu-unique-object --enable-plugin --enable-objc-gc --disable-sjlj-exceptions --with-arch=armv6 --with-fpu=vfp --with-float=hard --enable-checking=release --build=arm-linux-gnueabihf --host=arm-linux-gnueabihf --target=arm-linux-gnueabihf
Thread model: posix
gcc version 4.6.3 (Debian 4.6.3-14+rpi1) 
configure:4239: $? = 0
configure:4228: gcc -V >&5
gcc: error: unrecognized option '-V'
gcc: fatal error: no input files
compilation terminated.
configure:4239: $? = 4
configure:4228: gcc -qversion >&5
gcc: error: unrecognized option '-qversion'
gcc: fatal error: no input files
compilation terminated.
configure:4239: $? = 4
configure:4259: checking whether the C compiler works
configure:4281: gcc    conftest.c  >&5
configure:4285: $? = 0
configure:4333: result: yes
configure:4336: checking for C compiler default output file name
configure:4338: result: a.out
configure:4344: checking for suffix of executables
configure:4351: gcc -o conftest    conftest.c  >&5
configure:4355: $? = 0
configure:4377: result: 
configure:4399: checking whether we are cross compiling
configure:4407: gcc -o conftest    conftest.c  >&5
configure:4411: $? = 0
configure:4418: ./conftest
configure:4422: $? = 0
configure:4437: result: no
configure:4442: checking for suffix of object files
configure:4464: gcc -c   conftest.c >&5
configure:4468: $? = 0
configure:4489: result: o
configure:4493: checking whether we are using the GNU C compiler
configure:4512: gcc -c   conftest.c >&5
configure:4512: $? = 0
configure:4521: result: yes
configure:4530: checking whether gcc accepts -g
configure:4550: gcc -c -g  conftest.c >&5
configure:4550: $? = 0
configure:4591: result: yes
configure:4608: checking for gcc option to accept ISO C89
configure:4671: gcc  -c -g -O2  conftest.c >&5
configure:4671: $? = 0
configure:4684: result: none needed
configure:4706: checking dependency style of gcc
configure:4817: result: gcc3
configure:4832: checking for a sed that does not truncate output
configure:4896: result: /bin/sed
configure:4914: checking for grep that handles long lines and -e
configure:4972: result: /bin/grep
configure:4977: checking for egrep
configure:5039: result: /bin/grep -E
configure:5044: checking for fgrep
configure:5106: result: /bin/grep -F
configure:5141: checking for ld used by gcc
configure:5208: result: /usr/bin/ld
configure:5215: checking if the linker (/usr/bin/ld) is GNU ld
configure:5230: result: yes
configure:5242: checking for BSD- or MS-compatible name lister (nm)
configure:5291: result: /usr/bin/nm -B
configure:5421: checking the name lister (/usr/bin/nm -B) interface
configure:5428: gcc -c -g -O2  conftest.c >&5
configure:5431: /usr/bin/nm -B "conftest.o"
configure:5434: output
00000000 B some_variable
configure:5441: result: BSD nm
configure:5444: checking whether ln -s works
configure:5448: result: yes
configure:5456: checking the maximum length of command line arguments
configure:5586: result: 1572864
configure:5603: checking whether the shell understands some XSI constructs
configure:5613: result: yes
configure:5617: checking whether the shell understands "+="
configure:5623: result: yes
configure:5658: checking how to convert armv6l-unknown-linux-gnueabihf file names to armv6l-unknown-linux-gnueabihf format
configure:5698: result: func_convert_file_noop
configure:5705: checking how to convert armv6l-unknown-linux-gnueabihf file names to toolchain format
configure:5725: result: func_convert_file_noop
configure:5732: checking for /usr/bin/ld option to reload object files
configure:5739: result: -r
configure:5813: checking for objdump
configure:5840: result: objdump
configure:5869: checking how to recognize dependent libraries
configure:6067: result: pass_all
configure:6152: checking for dlltool
configure:6179: result: dlltool
configure:6209: checking how to associate runtime and link libraries
configure:6236: result: printf %s\n
configure:6297: checking for ar
configure:6313: found /usr/bin/ar
configure:6324: result: ar
configure:6361: checking for archiver @FILE support
configure:6378: gcc -c -g -O2  conftest.c >&5
configure:6378: $? = 0
configure:6381: ar cru libconftest.a @conftest.lst >&5
configure:6384: $? = 0
configure:6389: ar cru libconftest.a @conftest.lst >&5
ar: conftest.o: No such file or directory
configure:6392: $? = 1
configure:6404: result: @
configure:6462: checking for strip
configure:6478: found /usr/bin/strip
configure:6489: result: strip
configure:6561: checking for ranlib
configure:6577: found /usr/bin/ranlib
configure:6588: result: ranlib
configure:6690: checking command to parse /usr/bin/nm -B output from gcc object
configure:6810: gcc -c -g -O2  conftest.c >&5
configure:6813: $? = 0
configure:6817: /usr/bin/nm -B conftest.o \| sed -n -e 's/^.*[ ]\([ABCDGIRSTW][ABCDGIRSTW]*\)[ ][ ]*\([_A-Za-z][_A-Za-z0-9]*\)$/\1 \2 \2/p' | sed '/ __gnu_lto/d' \> conftest.nm
configure:6820: $? = 0
configure:6886: gcc -o conftest -g -O2   conftest.c conftstm.o >&5
configure:6889: $? = 0
configure:6927: result: ok
configure:6964: checking for sysroot
configure:6994: result: no
configure:7250: checking for mt
configure:7266: found /bin/mt
configure:7277: result: mt
configure:7300: checking if mt is a manifest tool
configure:7306: mt '-?'
configure:7314: result: no
configure:7956: checking how to run the C preprocessor
configure:7987: gcc -E  conftest.c
configure:7987: $? = 0
configure:8001: gcc -E  conftest.c
conftest.c:11:28: fatal error: ac_nonexistent.h: No such file or directory
compilation terminated.
configure:8001: $? = 1
configure: failed program was:
| /* confdefs.h */
| #define PACKAGE_NAME "GStreamer OpenMAX Plug-ins"
| #define PACKAGE_TARNAME "gst-omx"
| #define PACKAGE_VERSION "0.10.0.1"
| #define PACKAGE_STRING "GStreamer OpenMAX Plug-ins 0.10.0.1"
| #define PACKAGE_BUGREPORT "http://bugzilla.gnome.org/enter_bug.cgi?product=GStreamer"
| #define PACKAGE_URL ""
| #define PACKAGE "gst-omx"
| #define VERSION "0.10.0.1"
| /* end confdefs.h.  */
| #include <ac_nonexistent.h>
configure:8026: result: gcc -E
configure:8046: gcc -E  conftest.c
configure:8046: $? = 0
configure:8060: gcc -E  conftest.c
conftest.c:11:28: fatal error: ac_nonexistent.h: No such file or directory
compilation terminated.
configure:8060: $? = 1
configure: failed program was:
| /* confdefs.h */
| #define PACKAGE_NAME "GStreamer OpenMAX Plug-ins"
| #define PACKAGE_TARNAME "gst-omx"
| #define PACKAGE_VERSION "0.10.0.1"
| #define PACKAGE_STRING "GStreamer OpenMAX Plug-ins 0.10.0.1"
| #define PACKAGE_BUGREPORT "http://bugzilla.gnome.org/enter_bug.cgi?product=GStreamer"
| #define PACKAGE_URL ""
| #define PACKAGE "gst-omx"
| #define VERSION "0.10.0.1"
| /* end confdefs.h.  */
| #include <ac_nonexistent.h>
configure:8089: checking for ANSI C header files
configure:8109: gcc -c -g -O2  conftest.c >&5
configure:8109: $? = 0
configure:8182: gcc -o conftest -g -O2   conftest.c  >&5
configure:8182: $? = 0
configure:8182: ./conftest
configure:8182: $? = 0
configure:8193: result: yes
configure:8206: checking for sys/types.h
configure:8206: gcc -c -g -O2  conftest.c >&5
configure:8206: $? = 0
configure:8206: result: yes
configure:8206: checking for sys/stat.h
configure:8206: gcc -c -g -O2  conftest.c >&5
configure:8206: $? = 0
configure:8206: result: yes
configure:8206: checking for stdlib.h
configure:8206: gcc -c -g -O2  conftest.c >&5
configure:8206: $? = 0
configure:8206: result: yes
configure:8206: checking for string.h
configure:8206: gcc -c -g -O2  conftest.c >&5
configure:8206: $? = 0
configure:8206: result: yes
configure:8206: checking for memory.h
configure:8206: gcc -c -g -O2  conftest.c >&5
configure:8206: $? = 0
configure:8206: result: yes
configure:8206: checking for strings.h
configure:8206: gcc -c -g -O2  conftest.c >&5
configure:8206: $? = 0
configure:8206: result: yes
configure:8206: checking for inttypes.h
configure:8206: gcc -c -g -O2  conftest.c >&5
configure:8206: $? = 0
configure:8206: result: yes
configure:8206: checking for stdint.h
configure:8206: gcc -c -g -O2  conftest.c >&5
configure:8206: $? = 0
configure:8206: result: yes
configure:8206: checking for unistd.h
configure:8206: gcc -c -g -O2  conftest.c >&5
configure:8206: $? = 0
configure:8206: result: yes
configure:8220: checking for dlfcn.h
configure:8220: gcc -c -g -O2  conftest.c >&5
configure:8220: $? = 0
configure:8220: result: yes
configure:8424: checking for objdir
configure:8439: result: .libs
configure:8710: checking if gcc supports -fno-rtti -fno-exceptions
configure:8728: gcc -c -g -O2  -fno-rtti -fno-exceptions conftest.c >&5
cc1: warning: command line option '-fno-rtti' is valid for C++/ObjC++ but not for C [enabled by default]
configure:8732: $? = 0
configure:8745: result: no
configure:9072: checking for gcc option to produce PIC
configure:9079: result: -fPIC -DPIC
configure:9087: checking if gcc PIC flag -fPIC -DPIC works
configure:9105: gcc -c -g -O2  -fPIC -DPIC -DPIC conftest.c >&5
configure:9109: $? = 0
configure:9122: result: yes
configure:9151: checking if gcc static flag -static works
configure:9179: result: yes
configure:9194: checking if gcc supports -c -o file.o
configure:9215: gcc -c -g -O2  -o out/conftest2.o conftest.c >&5
configure:9219: $? = 0
configure:9241: result: yes
configure:9249: checking if gcc supports -c -o file.o
configure:9296: result: yes
configure:9329: checking whether the gcc linker (/usr/bin/ld) supports shared libraries
configure:10486: result: yes
configure:10523: checking whether -lc should be explicitly linked in
configure:10531: gcc -c -g -O2  conftest.c >&5
configure:10534: $? = 0
configure:10549: gcc -shared  -fPIC -DPIC conftest.o  -v -Wl,-soname -Wl,conftest -o conftest 2\>\&1 \| /bin/grep  -lc  \>/dev/null 2\>\&1
configure:10552: $? = 0
configure:10566: result: no
configure:10726: checking dynamic linker characteristics
configure:11226: gcc -o conftest -g -O2   -Wl,-rpath -Wl,/foo conftest.c  >&5
configure:11226: $? = 0
configure:11460: result: GNU/Linux ld.so
configure:11567: checking how to hardcode library paths into programs
configure:11592: result: immediate
configure:12132: checking whether stripping libraries is possible
configure:12137: result: yes
configure:12172: checking if libtool supports shared libraries
configure:12174: result: yes
configure:12177: checking whether to build shared libraries
configure:12198: result: yes
configure:12201: checking whether to build static libraries
configure:12205: result: yes
configure:12385: checking for pkg-config
configure:12403: found /usr/bin/pkg-config
configure:12415: result: /usr/bin/pkg-config
configure:12440: checking pkg-config is at least version 0.9.0
configure:12443: result: yes
configure:12739: Using GStreamer OpenMAX Plug-ins git as package name
configure:12763: Using Unknown package origin as package origin
configure:12779: Using GST_PKG_CONFIG_PATH = $(top_builddir)/pkgconfig
configure:12802: *** checking feature: building of experimental plug-ins ***
configure:12873: not building experimental plug-ins
configure:13017: checking whether byte ordering is bigendian
configure:13032: gcc -c -g -O2  conftest.c >&5
conftest.c:27:9: error: unknown type name 'not'
conftest.c:27:15: error: expected '=', ',', ';', 'asm' or '__attribute__' before 'universal'
conftest.c:27:15: error: unknown type name 'universal'
configure:13032: $? = 1
configure: failed program was:
| /* confdefs.h */
| #define PACKAGE_NAME "GStreamer OpenMAX Plug-ins"
| #define PACKAGE_TARNAME "gst-omx"
| #define PACKAGE_VERSION "0.10.0.1"
| #define PACKAGE_STRING "GStreamer OpenMAX Plug-ins 0.10.0.1"
| #define PACKAGE_BUGREPORT "http://bugzilla.gnome.org/enter_bug.cgi?product=GStreamer"
| #define PACKAGE_URL ""
| #define PACKAGE "gst-omx"
| #define VERSION "0.10.0.1"
| #define STDC_HEADERS 1
| #define HAVE_SYS_TYPES_H 1
| #define HAVE_SYS_STAT_H 1
| #define HAVE_STDLIB_H 1
| #define HAVE_STRING_H 1
| #define HAVE_MEMORY_H 1
| #define HAVE_STRINGS_H 1
| #define HAVE_INTTYPES_H 1
| #define HAVE_STDINT_H 1
| #define HAVE_UNISTD_H 1
| #define HAVE_DLFCN_H 1
| #define LT_OBJDIR ".libs/"
| #define GST_PACKAGE_NAME "GStreamer OpenMAX Plug-ins git"
| #define GST_PACKAGE_ORIGIN "Unknown package origin"
| #define HAVE_CPU_ARM 1
| /* end confdefs.h.  */
| #ifndef __APPLE_CC__
| 	       not a universal capable compiler
| 	     #endif
| 	     typedef int dummy;
| 
configure:13077: gcc -c -g -O2  conftest.c >&5
configure:13077: $? = 0
configure:13095: gcc -c -g -O2  conftest.c >&5
conftest.c: In function 'main':
conftest.c:33:4: error: unknown type name 'not'
conftest.c:33:12: error: expected '=', ',', ';', 'asm' or '__attribute__' before 'endian'
configure:13095: $? = 1
configure: failed program was:
| /* confdefs.h */
| #define PACKAGE_NAME "GStreamer OpenMAX Plug-ins"
| #define PACKAGE_TARNAME "gst-omx"
| #define PACKAGE_VERSION "0.10.0.1"
| #define PACKAGE_STRING "GStreamer OpenMAX Plug-ins 0.10.0.1"
| #define PACKAGE_BUGREPORT "http://bugzilla.gnome.org/enter_bug.cgi?product=GStreamer"
| #define PACKAGE_URL ""
| #define PACKAGE "gst-omx"
| #define VERSION "0.10.0.1"
| #define STDC_HEADERS 1
| #define HAVE_SYS_TYPES_H 1
| #define HAVE_SYS_STAT_H 1
| #define HAVE_STDLIB_H 1
| #define HAVE_STRING_H 1
| #define HAVE_MEMORY_H 1
| #define HAVE_STRINGS_H 1
| #define HAVE_INTTYPES_H 1
| #define HAVE_STDINT_H 1
| #define HAVE_UNISTD_H 1
| #define HAVE_DLFCN_H 1
| #define LT_OBJDIR ".libs/"
| #define GST_PACKAGE_NAME "GStreamer OpenMAX Plug-ins git"
| #define GST_PACKAGE_ORIGIN "Unknown package origin"
| #define HAVE_CPU_ARM 1
| /* end confdefs.h.  */
| #include <sys/types.h>
| 		#include <sys/param.h>
| 
| int
| main ()
| {
| #if BYTE_ORDER != BIG_ENDIAN
| 		 not big endian
| 		#endif
| 
|   ;
|   return 0;
| }
configure:13223: result: no
configure:13369: checking for special C compiler options needed for large files
configure:13414: result: no
configure:13420: checking for _FILE_OFFSET_BITS value needed for large files
configure:13445: gcc -c -g -O2  conftest.c >&5
conftest.c:33:3: warning: left shift count >= width of type [enabled by default]
conftest.c:33:3: warning: left shift count >= width of type [enabled by default]
conftest.c:34:10: warning: left shift count >= width of type [enabled by default]
conftest.c:34:10: warning: left shift count >= width of type [enabled by default]
conftest.c:33:7: error: variably modified 'off_t_is_large' at file scope
configure:13445: $? = 1
configure: failed program was:
| /* confdefs.h */
| #define PACKAGE_NAME "GStreamer OpenMAX Plug-ins"
| #define PACKAGE_TARNAME "gst-omx"
| #define PACKAGE_VERSION "0.10.0.1"
| #define PACKAGE_STRING "GStreamer OpenMAX Plug-ins 0.10.0.1"
| #define PACKAGE_BUGREPORT "http://bugzilla.gnome.org/enter_bug.cgi?product=GStreamer"
| #define PACKAGE_URL ""
| #define PACKAGE "gst-omx"
| #define VERSION "0.10.0.1"
| #define STDC_HEADERS 1
| #define HAVE_SYS_TYPES_H 1
| #define HAVE_SYS_STAT_H 1
| #define HAVE_STDLIB_H 1
| #define HAVE_STRING_H 1
| #define HAVE_MEMORY_H 1
| #define HAVE_STRINGS_H 1
| #define HAVE_INTTYPES_H 1
| #define HAVE_STDINT_H 1
| #define HAVE_UNISTD_H 1
| #define HAVE_DLFCN_H 1
| #define LT_OBJDIR ".libs/"
| #define GST_PACKAGE_NAME "GStreamer OpenMAX Plug-ins git"
| #define GST_PACKAGE_ORIGIN "Unknown package origin"
| #define HAVE_CPU_ARM 1
| #define HOST_CPU "armv6l"
| /* end confdefs.h.  */
| #include <sys/types.h>
|  /* Check that off_t can represent 2**63 - 1 correctly.
|     We can't simply define LARGE_OFF_T to be 9223372036854775807,
|     since some C++ compilers masquerading as C compilers
|     incorrectly reject 9223372036854775807.  */
| #define LARGE_OFF_T (((off_t) 1 << 62) - 1 + ((off_t) 1 << 62))
|   int off_t_is_large[(LARGE_OFF_T % 2147483629 == 721
| 		       && LARGE_OFF_T % 2147483647 == 1)
| 		      ? 1 : -1];
| int
| main ()
| {
| 
|   ;
|   return 0;
| }
configure:13469: gcc -c -g -O2  conftest.c >&5
configure:13469: $? = 0
configure:13477: result: 64
configure:13612: checking for gcc
configure:13639: result: gcc
configure:13868: checking for C compiler version
configure:13877: gcc --version >&5
gcc (Debian 4.6.3-14+rpi1) 4.6.3
Copyright (C) 2011 Free Software Foundation, Inc.
This is free software; see the source for copying conditions.  There is NO
warranty; not even for MERCHANTABILITY or FITNESS FOR A PARTICULAR PURPOSE.

configure:13888: $? = 0
configure:13877: gcc -v >&5
Using built-in specs.
COLLECT_GCC=gcc
COLLECT_LTO_WRAPPER=/usr/lib/gcc/arm-linux-gnueabihf/4.6/lto-wrapper
Target: arm-linux-gnueabihf
Configured with: ../src/configure -v --with-pkgversion='Debian 4.6.3-14+rpi1' --with-bugurl=file:///usr/share/doc/gcc-4.6/README.Bugs --enable-languages=c,c++,fortran,objc,obj-c++ --prefix=/usr --program-suffix=-4.6 --enable-shared --enable-linker-build-id --with-system-zlib --libexecdir=/usr/lib --without-included-gettext --enable-threads=posix --with-gxx-include-dir=/usr/include/c++/4.6 --libdir=/usr/lib --enable-nls --with-sysroot=/ --enable-clocale=gnu --enable-libstdcxx-debug --enable-libstdcxx-time=yes --enable-gnu-unique-object --enable-plugin --enable-objc-gc --disable-sjlj-exceptions --with-arch=armv6 --with-fpu=vfp --with-float=hard --enable-checking=release --build=arm-linux-gnueabihf --host=arm-linux-gnueabihf --target=arm-linux-gnueabihf
Thread model: posix
gcc version 4.6.3 (Debian 4.6.3-14+rpi1) 
configure:13888: $? = 0
configure:13877: gcc -V >&5
gcc: error: unrecognized option '-V'
gcc: fatal error: no input files
compilation terminated.
configure:13888: $? = 4
configure:13877: gcc -qversion >&5
gcc: error: unrecognized option '-qversion'
gcc: fatal error: no input files
compilation terminated.
configure:13888: $? = 4
configure:13892: checking whether we are using the GNU C compiler
configure:13920: result: yes
configure:13929: checking whether gcc accepts -g
configure:13990: result: yes
configure:14007: checking for gcc option to accept ISO C89
configure:14083: result: none needed
configure:14105: checking dependency style of gcc
configure:14216: result: gcc3
configure:14235: checking for gcc option to accept ISO C99
configure:14384: gcc  -c -g -O2  conftest.c >&5
conftest.c:78:29: error: expected ';', ',' or ')' before 'text'
conftest.c: In function 'main':
conftest.c:132:18: error: expected '=', ',', ';', 'asm' or '__attribute__' before 'newvar'
conftest.c:132:18: error: 'newvar' undeclared (first use in this function)
conftest.c:132:18: note: each undeclared identifier is reported only once for each function it appears in
conftest.c:142:3: error: 'for' loop initial declarations are only allowed in C99 mode
conftest.c:142:3: note: use option -std=c99 or -std=gnu99 to compile your code
configure:14384: $? = 1
configure: failed program was:
| /* confdefs.h */
| #define PACKAGE_NAME "GStreamer OpenMAX Plug-ins"
| #define PACKAGE_TARNAME "gst-omx"
| #define PACKAGE_VERSION "0.10.0.1"
| #define PACKAGE_STRING "GStreamer OpenMAX Plug-ins 0.10.0.1"
| #define PACKAGE_BUGREPORT "http://bugzilla.gnome.org/enter_bug.cgi?product=GStreamer"
| #define PACKAGE_URL ""
| #define PACKAGE "gst-omx"
| #define VERSION "0.10.0.1"
| #define STDC_HEADERS 1
| #define HAVE_SYS_TYPES_H 1
| #define HAVE_SYS_STAT_H 1
| #define HAVE_STDLIB_H 1
| #define HAVE_STRING_H 1
| #define HAVE_MEMORY_H 1
| #define HAVE_STRINGS_H 1
| #define HAVE_INTTYPES_H 1
| #define HAVE_STDINT_H 1
| #define HAVE_UNISTD_H 1
| #define HAVE_DLFCN_H 1
| #define LT_OBJDIR ".libs/"
| #define GST_PACKAGE_NAME "GStreamer OpenMAX Plug-ins git"
| #define GST_PACKAGE_ORIGIN "Unknown package origin"
| #define HAVE_CPU_ARM 1
| #define HOST_CPU "armv6l"
| #define _FILE_OFFSET_BITS 64
| /* end confdefs.h.  */
| #include <stdarg.h>
| #include <stdbool.h>
| #include <stdlib.h>
| #include <wchar.h>
| #include <stdio.h>
| 
| // Check varargs macros.  These examples are taken from C99 6.10.3.5.
| #define debug(...) fprintf (stderr, __VA_ARGS__)
| #define showlist(...) puts (#__VA_ARGS__)
| #define report(test,...) ((test) ? puts (#test) : printf (__VA_ARGS__))
| static void
| test_varargs_macros (void)
| {
|   int x = 1234;
|   int y = 5678;
|   debug ("Flag");
|   debug ("X = %d\n", x);
|   showlist (The first, second, and third items.);
|   report (x>y, "x is %d but y is %d", x, y);
| }
| 
| // Check long long types.
| #define BIG64 18446744073709551615ull
| #define BIG32 4294967295ul
| #define BIG_OK (BIG64 / BIG32 == 4294967297ull && BIG64 % BIG32 == 0)
| #if !BIG_OK
|   your preprocessor is broken;
| #endif
| #if BIG_OK
| #else
|   your preprocessor is broken;
| #endif
| static long long int bignum = -9223372036854775807LL;
| static unsigned long long int ubignum = BIG64;
| 
| struct incomplete_array
| {
|   int datasize;
|   double data[];
| };
| 
| struct named_init {
|   int number;
|   const wchar_t *name;
|   double average;
| };
| 
| typedef const char *ccp;
| 
| static inline int
| test_restrict (ccp restrict text)
| {
|   // See if C++-style comments work.
|   // Iterate through items via the restricted pointer.
|   // Also check for declarations in for loops.
|   for (unsigned int i = 0; *(text+i) != '\0'; ++i)
|     continue;
|   return 0;
| }
| 
| // Check varargs and va_copy.
| static void
| test_varargs (const char *format, ...)
| {
|   va_list args;
|   va_start (args, format);
|   va_list args_copy;
|   va_copy (args_copy, args);
| 
|   const char *str;
|   int number;
|   float fnumber;
| 
|   while (*format)
|     {
|       switch (*format++)
| 	{
| 	case 's': // string
| 	  str = va_arg (args_copy, const char *);
| 	  break;
| 	case 'd': // int
| 	  number = va_arg (args_copy, int);
| 	  break;
| 	case 'f': // float
| 	  fnumber = va_arg (args_copy, double);
| 	  break;
| 	default:
| 	  break;
| 	}
|     }
|   va_end (args_copy);
|   va_end (args);
| }
| 
| int
| main ()
| {
| 
|   // Check bool.
|   _Bool success = false;
| 
|   // Check restrict.
|   if (test_restrict ("String literal") == 0)
|     success = true;
|   char *restrict newvar = "Another string";
| 
|   // Check varargs.
|   test_varargs ("s, d' f .", "string", 65, 34.234);
|   test_varargs_macros ();
| 
|   // Check flexible array members.
|   struct incomplete_array *ia =
|     malloc (sizeof (struct incomplete_array) + (sizeof (double) * 10));
|   ia->datasize = 10;
|   for (int i = 0; i < ia->datasize; ++i)
|     ia->data[i] = i * 1.234;
| 
|   // Check named initializers.
|   struct named_init ni = {
|     .number = 34,
|     .name = L"Test wide string",
|     .average = 543.34343,
|   };
| 
|   ni.number = 58;
| 
|   int dynamic_array[ni.number];
|   dynamic_array[ni.number - 1] = 543;
| 
|   // work around unused variable warnings
|   return (!success || bignum == 0LL || ubignum == 0uLL || newvar[0] == 'x'
| 	  || dynamic_array[ni.number - 1] != 543);
| 
|   ;
|   return 0;
| }
configure:14384: gcc -std=gnu99 -c -g -O2  conftest.c >&5
configure:14384: $? = 0
configure:14404: result: -std=gnu99
configure:14505: checking for gcc -std=gnu99 option to accept ISO Standard C
configure:14519: result: -std=gnu99
configure:14525: checking whether gcc -std=gnu99 and cc understand -c and -o together
configure:14556: gcc -std=gnu99 -c conftest.c -o conftest2.o >&5
configure:14560: $? = 0
configure:14566: gcc -std=gnu99 -c conftest.c -o conftest2.o >&5
configure:14570: $? = 0
configure:14581: cc -c conftest.c >&5
configure:14585: $? = 0
configure:14593: cc -c conftest.c -o conftest2.o >&5
configure:14597: $? = 0
configure:14603: cc -c conftest.c -o conftest2.o >&5
configure:14607: $? = 0
configure:14625: result: yes
configure:14653: checking for valgrind
configure:14684: result: no
configure:14805: checking whether to build gtk-doc documentation
configure:14807: result: no
configure:14814: checking for gtkdoc-check
configure:14832: found /usr/bin/gtkdoc-check
configure:14844: result: /usr/bin/gtkdoc-check
configure:14878: Looking for Python version >= 2.1
configure:14896: checking for python
configure:14914: found /usr/bin/python
configure:14926: result: /usr/bin/python
configure:14938: checking "/usr/bin/python":
configure:14940: result: okay
configure:14956: checking local Python configuration
configure:14993: result: looks good
configure:15001: checking whether to build plugin documentation
configure:15008: result: no (gtk-doc disabled or not available)
configure:15111: checking for cos in -lm
configure:15136: gcc -std=gnu99 -o conftest -g -O2   conftest.c -lm   >&5
conftest.c:35:6: warning: conflicting types for built-in function 'cos' [enabled by default]
configure:15136: $? = 0
configure:15145: result: yes
configure:15158: checking for ANSI C header files
configure:15262: result: yes
configure:15272: checking for stdint types
configure:15295: gcc -std=gnu99 -c   conftest.c >&5
configure:15295: $? = 0
configure:15339: result: stdint.h (shortcircuit)
configure:15726: result: make use of stdint.h in _stdint.h (assuming C99 compatible system)
configure:15740: checking whether gcc -std=gnu99 implements __PRETTY_FUNCTION__
configure:15757: gcc -std=gnu99 -o conftest -g -O2   conftest.c  >&5
configure:15757: $? = 0
configure:15767: result: yes
configure:15775: checking whether gcc -std=gnu99 implements __FUNCTION__
configure:15792: gcc -std=gnu99 -o conftest -g -O2   conftest.c  >&5
configure:15792: $? = 0
configure:15802: result: yes
configure:15810: checking whether gcc -std=gnu99 implements __func__
configure:15827: gcc -std=gnu99 -o conftest -g -O2   conftest.c  >&5
configure:15827: $? = 0
configure:15837: result: yes
configure:15882: checking for GLIB
configure:15890: $PKG_CONFIG --exists --print-errors "$which"
configure:15893: $? = 0
configure:15908: $PKG_CONFIG --exists --print-errors "$which"
configure:15911: $? = 0
configure:15963: result: yes
configure:16042: checking for GST
configure:16050: $PKG_CONFIG --exists --print-errors "$module >= $minver"
configure:16053: $? = 0
configure:16068: $PKG_CONFIG --exists --print-errors "$module >= $minver"
configure:16071: $? = 0
configure:16127: result: yes
configure:16141: using GStreamer tools in /usr/local/bin
configure:16151: using GStreamer plug-ins in /usr/local/lib/gstreamer-0.10
configure:16163: checking for GST_BASE
configure:16171: $PKG_CONFIG --exists --print-errors "$module >= $minver"
configure:16174: $? = 0
configure:16189: $PKG_CONFIG --exists --print-errors "$module >= $minver"
configure:16192: $? = 0
configure:16248: result: yes
configure:16265: checking for GST_CONTROLLER
configure:16273: $PKG_CONFIG --exists --print-errors "$module >= $minver"
configure:16276: $? = 0
configure:16291: $PKG_CONFIG --exists --print-errors "$module >= $minver"
configure:16294: $? = 0
configure:16350: result: yes
configure:16367: checking for GST_CHECK
configure:16375: $PKG_CONFIG --exists --print-errors "$module >= $minver"
configure:16378: $? = 0
configure:16393: $PKG_CONFIG --exists --print-errors "$module >= $minver"
configure:16396: $? = 0
configure:16452: result: yes
configure:16469: checking for GST_PLUGINS_BASE
configure:16477: $PKG_CONFIG --exists --print-errors "$module >= $minver"
configure:16480: $? = 0
configure:16495: $PKG_CONFIG --exists --print-errors "$module >= $minver"
configure:16498: $? = 0
configure:16554: result: yes
configure:16570: using GStreamer Base Plugins in /usr/local/lib/gstreamer-0.10
configure:16591: checking for OMX_Core.h
configure:16591: gcc -std=gnu99 -c -g -O2  conftest.c >&5
conftest.c:67:22: fatal error: OMX_Core.h: No such file or directory
compilation terminated.
configure:16591: $? = 1
configure: failed program was:
| /* confdefs.h */
| #define PACKAGE_NAME "GStreamer OpenMAX Plug-ins"
| #define PACKAGE_TARNAME "gst-omx"
| #define PACKAGE_VERSION "0.10.0.1"
| #define PACKAGE_STRING "GStreamer OpenMAX Plug-ins 0.10.0.1"
| #define PACKAGE_BUGREPORT "http://bugzilla.gnome.org/enter_bug.cgi?product=GStreamer"
| #define PACKAGE_URL ""
| #define PACKAGE "gst-omx"
| #define VERSION "0.10.0.1"
| #define STDC_HEADERS 1
| #define HAVE_SYS_TYPES_H 1
| #define HAVE_SYS_STAT_H 1
| #define HAVE_STDLIB_H 1
| #define HAVE_STRING_H 1
| #define HAVE_MEMORY_H 1
| #define HAVE_STRINGS_H 1
| #define HAVE_INTTYPES_H 1
| #define HAVE_STDINT_H 1
| #define HAVE_UNISTD_H 1
| #define HAVE_DLFCN_H 1
| #define LT_OBJDIR ".libs/"
| #define GST_PACKAGE_NAME "GStreamer OpenMAX Plug-ins git"
| #define GST_PACKAGE_ORIGIN "Unknown package origin"
| #define HAVE_CPU_ARM 1
| #define HOST_CPU "armv6l"
| #define _FILE_OFFSET_BITS 64
| #define STDC_HEADERS 1
| #define HAVE_PRETTY_FUNCTION 1
| #define HAVE_FUNCTION 1
| #define HAVE_FUNC 1
| #define GST_FUNCTION __PRETTY_FUNCTION__
| /* end confdefs.h.  */
| #include <stdio.h>
| #ifdef HAVE_SYS_TYPES_H
| # include <sys/types.h>
| #endif
| #ifdef HAVE_SYS_STAT_H
| # include <sys/stat.h>
| #endif
| #ifdef STDC_HEADERS
| # include <stdlib.h>
| # include <stddef.h>
| #else
| # ifdef HAVE_STDLIB_H
| #  include <stdlib.h>
| # endif
| #endif
| #ifdef HAVE_STRING_H
| # if !defined STDC_HEADERS && defined HAVE_MEMORY_H
| #  include <memory.h>
| # endif
| # include <string.h>
| #endif
| #ifdef HAVE_STRINGS_H
| # include <strings.h>
| #endif
| #ifdef HAVE_INTTYPES_H
| # include <inttypes.h>
| #endif
| #ifdef HAVE_STDINT_H
| # include <stdint.h>
| #endif
| #ifdef HAVE_UNISTD_H
| # include <unistd.h>
| #endif
| 
| #include <OMX_Core.h>
configure:16591: result: no
configure:16609: checking whether OMX_VIDEO_CodingVP8 is declared
configure:16609: gcc -std=gnu99 -c -g -O2  conftest.c >&5
conftest.c:33:23: fatal error: OMX_Video.h: No such file or directory
compilation terminated.
configure:16609: $? = 1
configure: failed program was:
| /* confdefs.h */
| #define PACKAGE_NAME "GStreamer OpenMAX Plug-ins"
| #define PACKAGE_TARNAME "gst-omx"
| #define PACKAGE_VERSION "0.10.0.1"
| #define PACKAGE_STRING "GStreamer OpenMAX Plug-ins 0.10.0.1"
| #define PACKAGE_BUGREPORT "http://bugzilla.gnome.org/enter_bug.cgi?product=GStreamer"
| #define PACKAGE_URL ""
| #define PACKAGE "gst-omx"
| #define VERSION "0.10.0.1"
| #define STDC_HEADERS 1
| #define HAVE_SYS_TYPES_H 1
| #define HAVE_SYS_STAT_H 1
| #define HAVE_STDLIB_H 1
| #define HAVE_STRING_H 1
| #define HAVE_MEMORY_H 1
| #define HAVE_STRINGS_H 1
| #define HAVE_INTTYPES_H 1
| #define HAVE_STDINT_H 1
| #define HAVE_UNISTD_H 1
| #define HAVE_DLFCN_H 1
| #define LT_OBJDIR ".libs/"
| #define GST_PACKAGE_NAME "GStreamer OpenMAX Plug-ins git"
| #define GST_PACKAGE_ORIGIN "Unknown package origin"
| #define HAVE_CPU_ARM 1
| #define HOST_CPU "armv6l"
| #define _FILE_OFFSET_BITS 64
| #define STDC_HEADERS 1
| #define HAVE_PRETTY_FUNCTION 1
| #define HAVE_FUNCTION 1
| #define HAVE_FUNC 1
| #define GST_FUNCTION __PRETTY_FUNCTION__
| /* end confdefs.h.  */
| #include <OMX_Video.h>
| 
| int
| main ()
| {
| #ifndef OMX_VIDEO_CodingVP8
| #ifdef __cplusplus
|   (void) OMX_VIDEO_CodingVP8;
| #else
|   (void) OMX_VIDEO_CodingVP8;
| #endif
| #endif
| 
|   ;
|   return 0;
| }
configure:16609: result: no
configure:16647: checking for -Bsymbolic-functions linker flag
configure:16661: gcc -std=gnu99 -o conftest -g -O2  -Wl,-Bsymbolic-functions conftest.c  >&5
configure:16661: $? = 0
configure:16662: result: yes
configure:16686: Using rpi as OpenMAX IL target
configure:16752: Using 4 as OpenMAX struct packing
configure:16775: checking for mali_image_create in -lMali
configure:16800: gcc -std=gnu99 -o conftest -g -O2    conftest.c -lMali   -lUMP  >&5
/usr/bin/ld: cannot find -lMali
/usr/bin/ld: cannot find -lUMP
collect2: ld returned 1 exit status
configure:16800: $? = 1
configure: failed program was:
| /* confdefs.h */
| #define PACKAGE_NAME "GStreamer OpenMAX Plug-ins"
| #define PACKAGE_TARNAME "gst-omx"
| #define PACKAGE_VERSION "0.10.0.1"
| #define PACKAGE_STRING "GStreamer OpenMAX Plug-ins 0.10.0.1"
| #define PACKAGE_BUGREPORT "http://bugzilla.gnome.org/enter_bug.cgi?product=GStreamer"
| #define PACKAGE_URL ""
| #define PACKAGE "gst-omx"
| #define VERSION "0.10.0.1"
| #define STDC_HEADERS 1
| #define HAVE_SYS_TYPES_H 1
| #define HAVE_SYS_STAT_H 1
| #define HAVE_STDLIB_H 1
| #define HAVE_STRING_H 1
| #define HAVE_MEMORY_H 1
| #define HAVE_STRINGS_H 1
| #define HAVE_INTTYPES_H 1
| #define HAVE_STDINT_H 1
| #define HAVE_UNISTD_H 1
| #define HAVE_DLFCN_H 1
| #define LT_OBJDIR ".libs/"
| #define GST_PACKAGE_NAME "GStreamer OpenMAX Plug-ins git"
| #define GST_PACKAGE_ORIGIN "Unknown package origin"
| #define HAVE_CPU_ARM 1
| #define HOST_CPU "armv6l"
| #define _FILE_OFFSET_BITS 64
| #define STDC_HEADERS 1
| #define HAVE_PRETTY_FUNCTION 1
| #define HAVE_FUNCTION 1
| #define HAVE_FUNC 1
| #define GST_FUNCTION __PRETTY_FUNCTION__
| #define HAVE_DECL_OMX_VIDEO_CODINGVP8 0
| #define USE_OMX_TARGET_RPI 1
| #define GST_OMX_STRUCT_PACKING 4
| /* end confdefs.h.  */
| 
| /* Override any GCC internal prototype to avoid an error.
|    Use char because int might match the return type of a GCC
|    builtin and then its argument prototype would still apply.  */
| #ifdef __cplusplus
| extern "C"
| #endif
| char mali_image_create ();
| int
| main ()
| {
| return mali_image_create ();
|   ;
|   return 0;
| }
configure:16809: result: no
configure:16825: checking for bcm_host_init in -lbcm_host
configure:16850: gcc -std=gnu99 -o conftest -g -O2   conftest.c -lbcm_host   -lvcos -lvchiq_arm >&5
/usr/bin/ld: cannot find -lbcm_host
/usr/bin/ld: cannot find -lvcos
/usr/bin/ld: cannot find -lvchiq_arm
collect2: ld returned 1 exit status
configure:16850: $? = 1
configure: failed program was:
| /* confdefs.h */
| #define PACKAGE_NAME "GStreamer OpenMAX Plug-ins"
| #define PACKAGE_TARNAME "gst-omx"
| #define PACKAGE_VERSION "0.10.0.1"
| #define PACKAGE_STRING "GStreamer OpenMAX Plug-ins 0.10.0.1"
| #define PACKAGE_BUGREPORT "http://bugzilla.gnome.org/enter_bug.cgi?product=GStreamer"
| #define PACKAGE_URL ""
| #define PACKAGE "gst-omx"
| #define VERSION "0.10.0.1"
| #define STDC_HEADERS 1
| #define HAVE_SYS_TYPES_H 1
| #define HAVE_SYS_STAT_H 1
| #define HAVE_STDLIB_H 1
| #define HAVE_STRING_H 1
| #define HAVE_MEMORY_H 1
| #define HAVE_STRINGS_H 1
| #define HAVE_INTTYPES_H 1
| #define HAVE_STDINT_H 1
| #define HAVE_UNISTD_H 1
| #define HAVE_DLFCN_H 1
| #define LT_OBJDIR ".libs/"
| #define GST_PACKAGE_NAME "GStreamer OpenMAX Plug-ins git"
| #define GST_PACKAGE_ORIGIN "Unknown package origin"
| #define HAVE_CPU_ARM 1
| #define HOST_CPU "armv6l"
| #define _FILE_OFFSET_BITS 64
| #define STDC_HEADERS 1
| #define HAVE_PRETTY_FUNCTION 1
| #define HAVE_FUNCTION 1
| #define HAVE_FUNC 1
| #define GST_FUNCTION __PRETTY_FUNCTION__
| #define HAVE_DECL_OMX_VIDEO_CODINGVP8 0
| #define USE_OMX_TARGET_RPI 1
| #define GST_OMX_STRUCT_PACKING 4
| /* end confdefs.h.  */
| 
| /* Override any GCC internal prototype to avoid an error.
|    Use char because int might match the return type of a GCC
|    builtin and then its argument prototype would still apply.  */
| #ifdef __cplusplus
| extern "C"
| #endif
| char bcm_host_init ();
| int
| main ()
| {
| return bcm_host_init ();
|   ;
|   return 0;
| }
configure:16859: result: no
configure:16894: checking for EGL
configure:16902: $PKG_CONFIG --exists --print-errors "egl"
Package egl was not found in the pkg-config search path.
Perhaps you should add the directory containing `egl.pc'
to the PKG_CONFIG_PATH environment variable
No package 'egl' found
configure:16905: $? = 1
configure:16920: $PKG_CONFIG --exists --print-errors "egl"
Package egl was not found in the pkg-config search path.
Perhaps you should add the directory containing `egl.pc'
to the PKG_CONFIG_PATH environment variable
No package 'egl' found
configure:16923: $? = 1
No package 'egl' found
configure:16951: result: no
configure:16958: checking for eglGetProcAddress in -lEGL
configure:16983: gcc -std=gnu99 -o conftest -g -O2   conftest.c -lEGL   >&5
/usr/bin/ld: cannot find -lEGL
collect2: ld returned 1 exit status
configure:16983: $? = 1
configure: failed program was:
| /* confdefs.h */
| #define PACKAGE_NAME "GStreamer OpenMAX Plug-ins"
| #define PACKAGE_TARNAME "gst-omx"
| #define PACKAGE_VERSION "0.10.0.1"
| #define PACKAGE_STRING "GStreamer OpenMAX Plug-ins 0.10.0.1"
| #define PACKAGE_BUGREPORT "http://bugzilla.gnome.org/enter_bug.cgi?product=GStreamer"
| #define PACKAGE_URL ""
| #define PACKAGE "gst-omx"
| #define VERSION "0.10.0.1"
| #define STDC_HEADERS 1
| #define HAVE_SYS_TYPES_H 1
| #define HAVE_SYS_STAT_H 1
| #define HAVE_STDLIB_H 1
| #define HAVE_STRING_H 1
| #define HAVE_MEMORY_H 1
| #define HAVE_STRINGS_H 1
| #define HAVE_INTTYPES_H 1
| #define HAVE_STDINT_H 1
| #define HAVE_UNISTD_H 1
| #define HAVE_DLFCN_H 1
| #define LT_OBJDIR ".libs/"
| #define GST_PACKAGE_NAME "GStreamer OpenMAX Plug-ins git"
| #define GST_PACKAGE_ORIGIN "Unknown package origin"
| #define HAVE_CPU_ARM 1
| #define HOST_CPU "armv6l"
| #define _FILE_OFFSET_BITS 64
| #define STDC_HEADERS 1
| #define HAVE_PRETTY_FUNCTION 1
| #define HAVE_FUNCTION 1
| #define HAVE_FUNC 1
| #define GST_FUNCTION __PRETTY_FUNCTION__
| #define HAVE_DECL_OMX_VIDEO_CODINGVP8 0
| #define USE_OMX_TARGET_RPI 1
| #define GST_OMX_STRUCT_PACKING 4
| /* end confdefs.h.  */
| 
| /* Override any GCC internal prototype to avoid an error.
|    Use char because int might match the return type of a GCC
|    builtin and then its argument prototype would still apply.  */
| #ifdef __cplusplus
| extern "C"
| #endif
| char eglGetProcAddress ();
| int
| main ()
| {
| return eglGetProcAddress ();
|   ;
|   return 0;
| }
configure:16992: result: no
configure:17478: Using /usr/local/lib/gstreamer-0.10 as the plugin install location
configure:17554: Setting GST_PACKAGE_RELEASE_DATETIME to 2013-06-13T22:16Z
configure:17575: checking to see if compiler understands -Wall
configure:17592: gcc -std=gnu99 -c -g -O2 -Wall  conftest.c >&5
configure:17592: $? = 0
configure:17607: result: yes
configure:17612: checking to see if compiler understands -Wdeclaration-after-statement
configure:17629: gcc -std=gnu99 -c -g -O2 -Wdeclaration-after-statement  conftest.c >&5
configure:17629: $? = 0
configure:17644: result: yes
configure:17649: checking to see if compiler understands -Wvla
configure:17666: gcc -std=gnu99 -c -g -O2 -Wvla  conftest.c >&5
configure:17666: $? = 0
configure:17681: result: yes
configure:17686: checking to see if compiler understands -Wpointer-arith
configure:17703: gcc -std=gnu99 -c -g -O2 -Wpointer-arith  conftest.c >&5
configure:17703: $? = 0
configure:17718: result: yes
configure:17725: checking to see if compiler understands -Werror
configure:17742: gcc -std=gnu99 -c -g -O2 -Werror  conftest.c >&5
configure:17742: $? = 0
configure:17757: result: yes
configure:17848: $PKG_CONFIG --exists --print-errors "glib-2.0 < 2.19.8"
Requested 'glib-2.0 < 2.19.8' but version of GLib is 2.32.4
configure:17851: $? = 1
configure:17910: checking to see if compiler understands -Wmissing-declarations
configure:17927: gcc -std=gnu99 -c -g -O2 -Wmissing-declarations  conftest.c >&5
configure:17927: $? = 0
configure:17942: result: yes
configure:17910: checking to see if compiler understands -Wmissing-prototypes
configure:17927: gcc -std=gnu99 -c -g -O2 -Wmissing-prototypes  conftest.c >&5
configure:17927: $? = 0
configure:17942: result: yes
configure:17910: checking to see if compiler understands -Wredundant-decls
configure:17927: gcc -std=gnu99 -c -g -O2 -Wredundant-decls  conftest.c >&5
configure:17927: $? = 0
configure:17942: result: yes
configure:17910: checking to see if compiler understands -Wundef
configure:17927: gcc -std=gnu99 -c -g -O2 -Wundef  conftest.c >&5
configure:17927: $? = 0
configure:17942: result: yes
configure:17910: checking to see if compiler understands -Wwrite-strings
configure:17927: gcc -std=gnu99 -c -g -O2 -Wwrite-strings  conftest.c >&5
configure:17927: $? = 0
configure:17942: result: yes
configure:17910: checking to see if compiler understands -Wformat-nonliteral
configure:17927: gcc -std=gnu99 -c -g -O2 -Wformat-nonliteral  conftest.c >&5
cc1: warning: -Wformat-nonliteral ignored without -Wformat [-Wformat-nonliteral]
configure:17927: $? = 0
configure:17942: result: yes
configure:17910: checking to see if compiler understands -Wformat-security
configure:17927: gcc -std=gnu99 -c -g -O2 -Wformat-security  conftest.c >&5
cc1: warning: -Wformat-security ignored without -Wformat [-Wformat-security]
configure:17927: $? = 0
configure:17942: result: yes
configure:17910: checking to see if compiler understands -Wformat-nonliteral
configure:17927: gcc -std=gnu99 -c -g -O2 -Wformat-nonliteral  conftest.c >&5
cc1: warning: -Wformat-nonliteral ignored without -Wformat [-Wformat-nonliteral]
configure:17927: $? = 0
configure:17942: result: yes
configure:17910: checking to see if compiler understands -Winit-self
configure:17927: gcc -std=gnu99 -c -g -O2 -Winit-self  conftest.c >&5
configure:17927: $? = 0
configure:17942: result: yes
configure:17910: checking to see if compiler understands -Wmissing-include-dirs
configure:17927: gcc -std=gnu99 -c -g -O2 -Wmissing-include-dirs  conftest.c >&5
configure:17927: $? = 0
configure:17942: result: yes
configure:17910: checking to see if compiler understands -Waddress
configure:17927: gcc -std=gnu99 -c -g -O2 -Waddress  conftest.c >&5
configure:17927: $? = 0
configure:17942: result: yes
configure:17910: checking to see if compiler understands -Waggregate-return
configure:17927: gcc -std=gnu99 -c -g -O2 -Waggregate-return  conftest.c >&5
configure:17927: $? = 0
configure:17942: result: yes
configure:17910: checking to see if compiler understands -Wno-multichar
configure:17927: gcc -std=gnu99 -c -g -O2 -Wno-multichar  conftest.c >&5
configure:17927: $? = 0
configure:17942: result: yes
configure:17910: checking to see if compiler understands -Wnested-externs
configure:17927: gcc -std=gnu99 -c -g -O2 -Wnested-externs  conftest.c >&5
configure:17927: $? = 0
configure:17942: result: yes
configure:17954: set WARNING_CFLAGS to  -Wall -Wdeclaration-after-statement -Wvla -Wpointer-arith -Wmissing-declarations -Wmissing-prototypes -Wredundant-decls -Wundef -Wwrite-strings -Wformat-nonliteral -Wformat-security -Wformat-nonliteral -Winit-self -Wmissing-include-dirs -Waddress -Waggregate-return -Wno-multichar -Wnested-externs
configure:17956: set ERROR_CFLAGS to  -Werror
configure:18005: Using autoaudiosink as default audio sink
configure:18030: Using alsasrc as default audio source
configure:18055: Using autovideosink as default video sink
configure:18080: Using v4l2src as default video source
configure:18105: Using goom as default visualizer
configure:18162: checking for gst/video/gstvideodecoder.h
configure:18162: gcc -std=gnu99 -c -g -O2 -pthread -I/usr/local/include/gstreamer-0.10 -I/usr/include/glib-2.0 -I/usr/lib/arm-linux-gnueabihf/glib-2.0/include   -pthread -I/usr/local/include/gstreamer-0.10 -I/usr/include/glib-2.0 -I/usr/lib/arm-linux-gnueabihf/glib-2.0/include   -pthread -I/usr/local/include/gstreamer-0.10 -I/usr/include/glib-2.0 -I/usr/lib/arm-linux-gnueabihf/glib-2.0/include    -pthread -I/usr/local/include/gstreamer-0.10 -I/usr/include/glib-2.0 -I/usr/lib/arm-linux-gnueabihf/glib-2.0/include   -pthread -I/usr/local/include/gstreamer-0.10 -I/usr/include/glib-2.0 -I/usr/lib/arm-linux-gnueabihf/glib-2.0/include   -pthread -I/usr/local/include/gstreamer-0.10 -I/usr/include/glib-2.0 -I/usr/lib/arm-linux-gnueabihf/glib-2.0/include   conftest.c >&5
configure:18162: $? = 0
configure:18162: result: yes
configure:18177: GStreamer base classes for video decoding/encoding found
configure:18574: creating ./config.status

## ---------------------- ##
## Running config.status. ##
## ---------------------- ##

This file was extended by GStreamer OpenMAX Plug-ins config.status 0.10.0.1, which was
generated by GNU Autoconf 2.69.  Invocation command line was

  CONFIG_FILES    = 
  CONFIG_HEADERS  = 
  CONFIG_LINKS    = 
  CONFIG_COMMANDS = 
  $ ./config.status 

on pikachu2

config.status:1284: creating Makefile
config.status:1284: creating gst/Makefile
config.status:1284: creating gst/egl/Makefile
config.status:1284: creating gst/egl/gstreamer-egl-0.10.pc
config.status:1284: creating omx/Makefile
config.status:1284: creating common/Makefile
config.status:1284: creating common/m4/Makefile
config.status:1284: creating tools/Makefile
config.status:1284: creating config/Makefile
config.status:1284: creating config/bellagio/Makefile
config.status:1284: creating config/rpi/Makefile
config.status:1284: creating examples/Makefile
config.status:1284: creating examples/egl/Makefile
config.status:1284: creating config.h
config.status:1513: executing depfiles commands
config.status:1513: executing libtool commands
config.status:1513: executing _stdint.h commands
config.status:2249: creating _stdint.h : _GST_OMX__STDINT_H
config.status:2681: _stdint.h is unchanged
configure:21296: WARNING: unrecognized options: --disable-fatal-warnings, --disable-tests, --disable-debugutils

## ---------------- ##
## Cache variables. ##
## ---------------- ##

ac_cv_build=armv6l-unknown-linux-gnueabihf
ac_cv_c_bigendian=no
ac_cv_c_compiler_gnu=yes
ac_cv_env_CC_set=
ac_cv_env_CC_value=
ac_cv_env_CFLAGS_set=
ac_cv_env_CFLAGS_value=
ac_cv_env_CPPFLAGS_set=
ac_cv_env_CPPFLAGS_value=
ac_cv_env_CPP_set=
ac_cv_env_CPP_value=
ac_cv_env_EGL_CFLAGS_set=
ac_cv_env_EGL_CFLAGS_value=
ac_cv_env_EGL_LIBS_set=
ac_cv_env_EGL_LIBS_value=
ac_cv_env_GLIB_CFLAGS_set=
ac_cv_env_GLIB_CFLAGS_value=
ac_cv_env_GLIB_LIBS_set=
ac_cv_env_GLIB_LIBS_value=
ac_cv_env_GST_BASE_CFLAGS_set=
ac_cv_env_GST_BASE_CFLAGS_value=
ac_cv_env_GST_BASE_LIBS_set=
ac_cv_env_GST_BASE_LIBS_value=
ac_cv_env_GST_CFLAGS_set=
ac_cv_env_GST_CFLAGS_value=
ac_cv_env_GST_CHECK_CFLAGS_set=
ac_cv_env_GST_CHECK_CFLAGS_value=
ac_cv_env_GST_CHECK_LIBS_set=
ac_cv_env_GST_CHECK_LIBS_value=
ac_cv_env_GST_CONTROLLER_CFLAGS_set=
ac_cv_env_GST_CONTROLLER_CFLAGS_value=
ac_cv_env_GST_CONTROLLER_LIBS_set=
ac_cv_env_GST_CONTROLLER_LIBS_value=
ac_cv_env_GST_LIBS_set=
ac_cv_env_GST_LIBS_value=
ac_cv_env_GST_PLUGINS_BASE_CFLAGS_set=
ac_cv_env_GST_PLUGINS_BASE_CFLAGS_value=
ac_cv_env_GST_PLUGINS_BASE_LIBS_set=
ac_cv_env_GST_PLUGINS_BASE_LIBS_value=
ac_cv_env_LDFLAGS_set=
ac_cv_env_LDFLAGS_value=
ac_cv_env_LIBS_set=
ac_cv_env_LIBS_value=
ac_cv_env_PKG_CONFIG_set=
ac_cv_env_PKG_CONFIG_value=
ac_cv_env_VALGRIND_CFLAGS_set=
ac_cv_env_VALGRIND_CFLAGS_value=
ac_cv_env_VALGRIND_LIBS_set=
ac_cv_env_VALGRIND_LIBS_value=
ac_cv_env_build_alias_set=
ac_cv_env_build_alias_value=
ac_cv_env_host_alias_set=
ac_cv_env_host_alias_value=
ac_cv_env_target_alias_set=
ac_cv_env_target_alias_value=
ac_cv_have_decl_OMX_VIDEO_CodingVP8=no
ac_cv_header_OMX_Core_h=no
ac_cv_header_dlfcn_h=yes
ac_cv_header_gst_video_gstvideodecoder_h=yes
ac_cv_header_inttypes_h=yes
ac_cv_header_memory_h=yes
ac_cv_header_stdc=yes
ac_cv_header_stdint=stdint.h
ac_cv_header_stdint_h=yes
ac_cv_header_stdint_t=stdint.h
ac_cv_header_stdlib_h=yes
ac_cv_header_string_h=yes
ac_cv_header_strings_h=yes
ac_cv_header_sys_stat_h=yes
ac_cv_header_sys_types_h=yes
ac_cv_header_unistd_h=yes
ac_cv_host=armv6l-unknown-linux-gnueabihf
ac_cv_lib_EGL_eglGetProcAddress=no
ac_cv_lib_Mali_mali_image_create=no
ac_cv_lib_bcm_host_bcm_host_init=no
ac_cv_lib_m_cos=yes
ac_cv_objext=o
ac_cv_omx_struct_packing=none
ac_cv_omx_target=rpi
ac_cv_omx_target_struct_packing=4
ac_cv_path_EGREP='/bin/grep -E'
ac_cv_path_FGREP='/bin/grep -F'
ac_cv_path_GREP=/bin/grep
ac_cv_path_GTKDOC_CHECK=/usr/bin/gtkdoc-check
ac_cv_path_PYTHON=/usr/bin/python
ac_cv_path_SED=/bin/sed
ac_cv_path_VALGRIND_PATH=no
ac_cv_path_ac_pt_PKG_CONFIG=/usr/bin/pkg-config
ac_cv_path_install='/usr/bin/install -c'
ac_cv_path_mkdir=/bin/mkdir
ac_cv_prog_AWK=mawk
ac_cv_prog_CPP='gcc -E'
ac_cv_prog_ac_ct_AR=ar
ac_cv_prog_ac_ct_CC=gcc
ac_cv_prog_ac_ct_DLLTOOL=dlltool
ac_cv_prog_ac_ct_MANIFEST_TOOL=mt
ac_cv_prog_ac_ct_OBJDUMP=objdump
ac_cv_prog_ac_ct_RANLIB=ranlib
ac_cv_prog_ac_ct_STRIP=strip
ac_cv_prog_cc_c89=
ac_cv_prog_cc_c99=-std=gnu99
ac_cv_prog_cc_g=yes
ac_cv_prog_cc_gcc_c_o=yes
ac_cv_prog_cc_stdc=-std=gnu99
ac_cv_prog_make_make_set=yes
ac_cv_stdint_message='using gnu compiler gcc (Debian 4.6.3-14+rpi1) 4.6.3'
ac_cv_stdint_result='(assuming C99 compatible system)'
ac_cv_sys_file_offset_bits=64
ac_cv_sys_largefile_CC=no
am_cv_CC_dependencies_compiler_type=gcc3
am_cv_make_support_nested_variables=yes
gst_cv_have_func=yes
gst_cv_have_function=yes
gst_cv_have_pretty_function=yes
lt_cv_ar_at_file=@
lt_cv_archive_cmds_need_lc=no
lt_cv_deplibs_check_method=pass_all
lt_cv_file_magic_cmd='$MAGIC_CMD'
lt_cv_file_magic_test_file=
lt_cv_ld_reload_flag=-r
lt_cv_nm_interface='BSD nm'
lt_cv_objdir=.libs
lt_cv_path_LD=/usr/bin/ld
lt_cv_path_NM='/usr/bin/nm -B'
lt_cv_path_mainfest_tool=no
lt_cv_prog_compiler_c_o=yes
lt_cv_prog_compiler_pic='-fPIC -DPIC'
lt_cv_prog_compiler_pic_works=yes
lt_cv_prog_compiler_rtti_exceptions=no
lt_cv_prog_compiler_static_works=yes
lt_cv_prog_gnu_ld=yes
lt_cv_sharedlib_from_linklib_cmd='printf %s\n'
lt_cv_shlibpath_overrides_runpath=no
lt_cv_sys_global_symbol_pipe='sed -n -e '\''s/^.*[	 ]\([ABCDGIRSTW][ABCDGIRSTW]*\)[	 ][	 ]*\([_A-Za-z][_A-Za-z0-9]*\)$/\1 \2 \2/p'\'' | sed '\''/ __gnu_lto/d'\'''
lt_cv_sys_global_symbol_to_c_name_address='sed -n -e '\''s/^: \([^ ]*\)[ ]*$/  {\"\1\", (void *) 0},/p'\'' -e '\''s/^[ABCDGIRSTW]* \([^ ]*\) \([^ ]*\)$/  {"\2", (void *) \&\2},/p'\'''
lt_cv_sys_global_symbol_to_c_name_address_lib_prefix='sed -n -e '\''s/^: \([^ ]*\)[ ]*$/  {\"\1\", (void *) 0},/p'\'' -e '\''s/^[ABCDGIRSTW]* \([^ ]*\) \(lib[^ ]*\)$/  {"\2", (void *) \&\2},/p'\'' -e '\''s/^[ABCDGIRSTW]* \([^ ]*\) \([^ ]*\)$/  {"lib\2", (void *) \&\2},/p'\'''
lt_cv_sys_global_symbol_to_cdecl='sed -n -e '\''s/^T .* \(.*\)$/extern int \1();/p'\'' -e '\''s/^[ABCDGIRSTW]* .* \(.*\)$/extern char \1;/p'\'''
lt_cv_sys_max_cmd_len=1572864
lt_cv_to_host_file_cmd=func_convert_file_noop
lt_cv_to_tool_file_cmd=func_convert_file_noop
pkg_cv_GLIB_CFLAGS='-pthread -I/usr/include/glib-2.0 -I/usr/lib/arm-linux-gnueabihf/glib-2.0/include  '
pkg_cv_GLIB_LIBS='-pthread -lgobject-2.0 -lgthread-2.0 -lgmodule-2.0 -lrt -lglib-2.0  '
pkg_cv_GST_BASE_CFLAGS='-pthread -I/usr/local/include/gstreamer-0.10 -I/usr/include/glib-2.0 -I/usr/lib/arm-linux-gnueabihf/glib-2.0/include  '
pkg_cv_GST_BASE_LIBS='-pthread -L/usr/local/lib -lgstbase-0.10 -lgstreamer-0.10 -lgobject-2.0 -lgmodule-2.0 -lgthread-2.0 -lrt -lglib-2.0  '
pkg_cv_GST_CFLAGS='-pthread -I/usr/local/include/gstreamer-0.10 -I/usr/include/glib-2.0 -I/usr/lib/arm-linux-gnueabihf/glib-2.0/include  '
pkg_cv_GST_CHECK_CFLAGS='-pthread -I/usr/local/include/gstreamer-0.10 -I/usr/include/glib-2.0 -I/usr/lib/arm-linux-gnueabihf/glib-2.0/include  '
pkg_cv_GST_CHECK_LIBS='-pthread -L/usr/local/lib -lgstcheck-0.10 -lm -lgstreamer-0.10 -lgobject-2.0 -lgmodule-2.0 -lgthread-2.0 -lrt -lglib-2.0  '
pkg_cv_GST_CONTROLLER_CFLAGS='-pthread -I/usr/local/include/gstreamer-0.10 -I/usr/include/glib-2.0 -I/usr/lib/arm-linux-gnueabihf/glib-2.0/include  '
pkg_cv_GST_CONTROLLER_LIBS='-pthread -L/usr/local/lib -lgstcontroller-0.10 -lgstreamer-0.10 -lgobject-2.0 -lgmodule-2.0 -lgthread-2.0 -lrt -lglib-2.0  '
pkg_cv_GST_LIBS='-pthread -L/usr/local/lib -lgstreamer-0.10 -lgobject-2.0 -lgmodule-2.0 -lgthread-2.0 -lrt -lglib-2.0  '
pkg_cv_GST_PLUGINS_BASE_CFLAGS='-pthread -I/usr/local/include/gstreamer-0.10 -I/usr/include/glib-2.0 -I/usr/lib/arm-linux-gnueabihf/glib-2.0/include  '
pkg_cv_GST_PLUGINS_BASE_LIBS='-pthread -L/usr/local/lib -lgstreamer-0.10 -lgobject-2.0 -lgmodule-2.0 -lgthread-2.0 -lrt -lglib-2.0  '

## ----------------- ##
## Output variables. ##
## ----------------- ##

ACLOCAL='${SHELL} /usr/src/gstreamer/gst-omx/missing --run aclocal-1.11'
ACLOCAL_AMFLAGS='-I m4 -I common/m4'
AMDEPBACKSLASH='\'
AMDEP_FALSE='#'
AMDEP_TRUE=''
AMTAR='$${TAR-tar}'
AM_BACKSLASH='\'
AM_DEFAULT_V='$(AM_DEFAULT_VERBOSITY)'
AM_DEFAULT_VERBOSITY='0'
AM_V='$(V)'
AR='ar'
AS='as'
AUTOCONF='${SHELL} /usr/src/gstreamer/gst-omx/missing --run autoconf'
AUTOHEADER='${SHELL} /usr/src/gstreamer/gst-omx/missing --run autoheader'
AUTOMAKE='${SHELL} /usr/src/gstreamer/gst-omx/missing --run automake-1.11'
AWK='mawk'
BUILD_EXAMPLES_FALSE=''
BUILD_EXAMPLES_TRUE='#'
BUILD_EXPERIMENTAL_FALSE=''
BUILD_EXPERIMENTAL_TRUE='#'
CC='gcc -std=gnu99'
CCASFLAGS=''
CCDEPMODE='depmode=gcc3'
CFLAGS='-g -O2'
CPP='gcc -E'
CPPFLAGS=''
CXXFLAGS=''
CYGPATH_W='echo'
DEFAULT_AUDIOSINK='autoaudiosink'
DEFAULT_AUDIOSRC='alsasrc'
DEFAULT_VIDEOSINK='autovideosink'
DEFAULT_VIDEOSRC='v4l2src'
DEFAULT_VISUALIZER='goom'
DEFS='-DHAVE_CONFIG_H'
DEPDIR='.deps'
DEPRECATED_CFLAGS='-DGST_DISABLE_DEPRECATED'
DLLTOOL='dlltool'
DSYMUTIL=''
DUMPBIN=''
ECHO_C=''
ECHO_N='-n'
ECHO_T=''
EGL_CFLAGS=''
EGL_LIBS=''
EGREP='/bin/grep -E'
ENABLE_GTK_DOC_FALSE=''
ENABLE_GTK_DOC_TRUE='#'
ENABLE_PLUGIN_DOCS_FALSE=''
ENABLE_PLUGIN_DOCS_TRUE='#'
ERROR_CFLAGS=' -Werror'
EXEEXT=''
FFLAGS=''
FGREP='/bin/grep -F'
GCOV=''
GCOV_CFLAGS=''
GCOV_LIBS=''
GLIB_CFLAGS='-pthread -I/usr/include/glib-2.0 -I/usr/lib/arm-linux-gnueabihf/glib-2.0/include'
GLIB_LIBS='-pthread -lgobject-2.0 -lgthread-2.0 -lgmodule-2.0 -lrt -lglib-2.0  '
GLIB_PREFIX='/usr'
GLIB_REQ='2.16'
GREP='/bin/grep'
GSTPB_PLUGINS_DIR='/usr/local/lib/gstreamer-0.10'
GST_ALL_LDFLAGS='-no-undefined -Wl,-Bsymbolic-functions'
GST_BASE_CFLAGS='-pthread -I/usr/local/include/gstreamer-0.10 -I/usr/include/glib-2.0 -I/usr/lib/arm-linux-gnueabihf/glib-2.0/include  '
GST_BASE_LIBS='-pthread -L/usr/local/lib -lgstbase-0.10 -lgstreamer-0.10 -lgobject-2.0 -lgmodule-2.0 -lgthread-2.0 -lrt -lglib-2.0  '
GST_CFLAGS='-pthread -I/usr/include/glib-2.0 -I/usr/lib/arm-linux-gnueabihf/glib-2.0/include -pthread -I/usr/local/include/gstreamer-0.10 -I/usr/include/glib-2.0 -I/usr/lib/arm-linux-gnueabihf/glib-2.0/include    -DG_THREADS_MANDATORY -DG_DISABLE_DEPRECATED $(GST_OPTION_CFLAGS)'
GST_CHECK_CFLAGS='-pthread -I/usr/local/include/gstreamer-0.10 -I/usr/include/glib-2.0 -I/usr/lib/arm-linux-gnueabihf/glib-2.0/include  '
GST_CHECK_LIBS='-pthread -L/usr/local/lib -lgstcheck-0.10 -lm -lgstreamer-0.10 -lgobject-2.0 -lgmodule-2.0 -lgthread-2.0 -lrt -lglib-2.0  '
GST_CONTROLLER_CFLAGS='-pthread -I/usr/local/include/gstreamer-0.10 -I/usr/include/glib-2.0 -I/usr/lib/arm-linux-gnueabihf/glib-2.0/include  '
GST_CONTROLLER_LIBS='-pthread -L/usr/local/lib -lgstcontroller-0.10 -lgstreamer-0.10 -lgobject-2.0 -lgmodule-2.0 -lgthread-2.0 -lrt -lglib-2.0  '
GST_DISABLE_ALLOC_TRACE='0'
GST_DISABLE_GST_DEBUG='0'
GST_DISABLE_LOADSAVE='1'
GST_DISABLE_PARSE='0'
GST_DISABLE_PLUGIN='0'
GST_DISABLE_REGISTRY='0'
GST_DISABLE_TRACE='0'
GST_DISABLE_XML='1'
GST_GCOV_ENABLED_FALSE=''
GST_GCOV_ENABLED_TRUE='#'
GST_LEVEL_DEFAULT='GST_LEVEL_ERROR'
GST_LIBS='-pthread -L/usr/local/lib -lgstreamer-0.10 -lgobject-2.0 -lgmodule-2.0 -lgthread-2.0 -lrt -lglib-2.0   $(GCOV_LIBS)'
GST_LICENSE='LGPL'
GST_MAJORMINOR='0.10'
GST_OMX_CFLAGS=''
GST_OPTION_CFLAGS='$(WARNING_CFLAGS) $(ERROR_CFLAGS) $(DEBUG_CFLAGS) $(PROFILE_CFLAGS) $(GCOV_CFLAGS) $(OPT_CFLAGS) $(DEPRECATED_CFLAGS)'
GST_PACKAGE_NAME='GStreamer OpenMAX Plug-ins git'
GST_PACKAGE_ORIGIN='Unknown package origin'
GST_PKG_CONFIG_PATH='$(top_builddir)/pkgconfig'
GST_PLUGINS_ALL=' omx'
GST_PLUGINS_BASE_CFLAGS='-pthread -I/usr/local/include/gstreamer-0.10 -I/usr/include/glib-2.0 -I/usr/lib/arm-linux-gnueabihf/glib-2.0/include  '
GST_PLUGINS_BASE_DIR='/usr/local/lib/gstreamer-0.10/gst:/usr/local/lib/gstreamer-0.10/sys:/usr/local/lib/gstreamer-0.10/ext'
GST_PLUGINS_BASE_LIBS='-pthread -L/usr/local/lib -lgstreamer-0.10 -lgobject-2.0 -lgmodule-2.0 -lgthread-2.0 -lrt -lglib-2.0  '
GST_PLUGINS_DIR='/usr/local/lib/gstreamer-0.10'
GST_PLUGINS_SELECTED=' omx'
GST_PLUGIN_LDFLAGS='-module -avoid-version -export-symbols-regex '\''^_*gst_plugin_desc.*'\'' -no-undefined -Wl,-Bsymbolic-functions'
GST_PREFIX='/usr/local'
GST_TOOLS_DIR='/usr/local/bin'
GTKDOC_CHECK='/usr/bin/gtkdoc-check'
GTK_DOC_USE_LIBTOOL_FALSE='#'
GTK_DOC_USE_LIBTOOL_TRUE=''
HAVE_CPU_ALPHA_FALSE=''
HAVE_CPU_ALPHA_TRUE='#'
HAVE_CPU_ARM_FALSE='#'
HAVE_CPU_ARM_TRUE=''
HAVE_CPU_CRISV32_FALSE=''
HAVE_CPU_CRISV32_TRUE='#'
HAVE_CPU_CRIS_FALSE=''
HAVE_CPU_CRIS_TRUE='#'
HAVE_CPU_HPPA_FALSE=''
HAVE_CPU_HPPA_TRUE='#'
HAVE_CPU_I386_FALSE=''
HAVE_CPU_I386_TRUE='#'
HAVE_CPU_IA64_FALSE=''
HAVE_CPU_IA64_TRUE='#'
HAVE_CPU_M68K_FALSE=''
HAVE_CPU_M68K_TRUE='#'
HAVE_CPU_MIPS_FALSE=''
HAVE_CPU_MIPS_TRUE='#'
HAVE_CPU_PPC64_FALSE=''
HAVE_CPU_PPC64_TRUE='#'
HAVE_CPU_PPC_FALSE=''
HAVE_CPU_PPC_TRUE='#'
HAVE_CPU_S390_FALSE=''
HAVE_CPU_S390_TRUE='#'
HAVE_CPU_SPARC_FALSE=''
HAVE_CPU_SPARC_TRUE='#'
HAVE_CPU_X86_64_FALSE=''
HAVE_CPU_X86_64_TRUE='#'
HAVE_EGL_FALSE=''
HAVE_EGL_TRUE='#'
HAVE_EXTERNAL_OMX_FALSE=''
HAVE_EXTERNAL_OMX_TRUE='#'
HAVE_GST_CHECK_FALSE='#'
HAVE_GST_CHECK_TRUE=''
HAVE_VALGRIND_FALSE=''
HAVE_VALGRIND_TRUE='#'
HAVE_VP8_FALSE=''
HAVE_VP8_TRUE='#'
HTML_DIR='${datadir}/gtk-doc/html'
INSTALL_DATA='${INSTALL} -m 644'
INSTALL_PROGRAM='${INSTALL}'
INSTALL_SCRIPT='${INSTALL}'
INSTALL_STRIP_PROGRAM='$(install_sh) -c -s'
LD='/usr/bin/ld'
LDFLAGS=''
LIBM='-lm'
LIBOBJS=''
LIBS=''
LIBTOOL='$(SHELL) $(top_builddir)/libtool'
LIPO=''
LN_S='ln -s'
LTLIBOBJS=''
MAINT=''
MAINTAINER_MODE_FALSE='#'
MAINTAINER_MODE_TRUE=''
MAKEINFO='${SHELL} /usr/src/gstreamer/gst-omx/missing --run makeinfo'
MANIFEST_TOOL=':'
MKDIR_P='/bin/mkdir -p'
NM='/usr/bin/nm -B'
NMEDIT=''
OBJDUMP='objdump'
OBJEXT='o'
OTOOL64=''
OTOOL=''
PACKAGE='gst-omx'
PACKAGE_BUGREPORT='http://bugzilla.gnome.org/enter_bug.cgi?product=GStreamer'
PACKAGE_NAME='GStreamer OpenMAX Plug-ins'
PACKAGE_STRING='GStreamer OpenMAX Plug-ins 0.10.0.1'
PACKAGE_TARNAME='gst-omx'
PACKAGE_URL=''
PACKAGE_VERSION='0.10.0.1'
PACKAGE_VERSION_MAJOR='0'
PACKAGE_VERSION_MICRO='0'
PACKAGE_VERSION_MINOR='10'
PACKAGE_VERSION_NANO='1'
PACKAGE_VERSION_RELEASE='0.20130613.221616'
PATH_SEPARATOR=':'
PKG_CONFIG='/usr/bin/pkg-config'
PLUGINDIR='/usr/local/lib/gstreamer-0.10'
PROFILE_CFLAGS=''
PYTHON='/usr/bin/python'
PYTHON_EXEC_PREFIX='${exec_prefix}'
PYTHON_PLATFORM='linux2'
PYTHON_PREFIX='${prefix}'
PYTHON_VERSION='2.7'
RANLIB='ranlib'
SED='/bin/sed'
SET_MAKE=''
SHELL='/bin/bash'
STRIP='strip'
USE_EXPERIMENTAL_FALSE=''
USE_EXPERIMENTAL_TRUE='#'
USE_LOCAL_VIDEO_BASE_CLASSES_FALSE=''
USE_LOCAL_VIDEO_BASE_CLASSES_TRUE='#'
USE_OMX_TARGET_BELLAGIO_FALSE=''
USE_OMX_TARGET_BELLAGIO_TRUE='#'
USE_OMX_TARGET_GENERIC_FALSE=''
USE_OMX_TARGET_GENERIC_TRUE='#'
USE_OMX_TARGET_RPI_FALSE='#'
USE_OMX_TARGET_RPI_TRUE=''
USE_PLUGIN_OMX_FALSE='#'
USE_PLUGIN_OMX_TRUE=''
VALGRIND_CFLAGS=''
VALGRIND_LIBS=''
VALGRIND_PATH='no'
VERSION='0.10.0.1'
WARNING_CFLAGS=' -Wall -Wdeclaration-after-statement -Wvla -Wpointer-arith -Wmissing-declarations -Wmissing-prototypes -Wredundant-decls -Wundef -Wwrite-strings -Wformat-nonliteral -Wformat-security -Wformat-nonliteral -Winit-self -Wmissing-include-dirs -Waddress -Waggregate-return -Wno-multichar -Wnested-externs'
ac_ct_AR='ar'
ac_ct_CC='gcc'
ac_ct_DUMPBIN=''
am__EXEEXT_FALSE=''
am__EXEEXT_TRUE='#'
am__fastdepCC_FALSE='#'
am__fastdepCC_TRUE=''
am__include='include'
am__isrc=''
am__leading_dot='.'
am__nodep='_no'
am__quote=''
am__tar='$${TAR-tar} chof - "$$tardir"'
am__untar='$${TAR-tar} xf -'
bindir='${exec_prefix}/bin'
build='armv6l-unknown-linux-gnueabihf'
build_alias=''
build_cpu='armv6l'
build_os='linux-gnueabihf'
build_vendor='unknown'
datadir='${datarootdir}'
datarootdir='${prefix}/share'
docdir='${datarootdir}/doc/${PACKAGE_TARNAME}'
dvidir='${docdir}'
exec_prefix='${prefix}'
host='armv6l-unknown-linux-gnueabihf'
host_alias=''
host_cpu='armv6l'
host_os='linux-gnueabihf'
host_vendor='unknown'
htmldir='${docdir}'
includedir='${prefix}/include'
infodir='${datarootdir}/info'
install_sh='${SHELL} /usr/src/gstreamer/gst-omx/install-sh'
libdir='${exec_prefix}/lib'
libexecdir='${exec_prefix}/libexec'
localedir='${datarootdir}/locale'
localstatedir='${prefix}/var'
mandir='${datarootdir}/man'
mkdir_p='/bin/mkdir -p'
oldincludedir='/usr/include'
pdfdir='${docdir}'
pkgpyexecdir='${pyexecdir}/gst-omx'
pkgpythondir='${pythondir}/gst-omx'
plugindir='$(libdir)/gstreamer-0.10'
prefix='/usr/local'
program_transform_name='s,x,x,'
psdir='${docdir}'
pyexecdir='${exec_prefix}/lib/python2.7/site-packages'
pythondir='${prefix}/lib/python2.7/site-packages'
sbindir='${exec_prefix}/sbin'
sharedstatedir='${prefix}/com'
sysconfdir='${prefix}/etc'
target_alias=''

## ----------- ##
## confdefs.h. ##
## ----------- ##

/* confdefs.h */
#define PACKAGE_NAME "GStreamer OpenMAX Plug-ins"
#define PACKAGE_TARNAME "gst-omx"
#define PACKAGE_VERSION "0.10.0.1"
#define PACKAGE_STRING "GStreamer OpenMAX Plug-ins 0.10.0.1"
#define PACKAGE_BUGREPORT "http://bugzilla.gnome.org/enter_bug.cgi?product=GStreamer"
#define PACKAGE_URL ""
#define PACKAGE "gst-omx"
#define VERSION "0.10.0.1"
#define STDC_HEADERS 1
#define HAVE_SYS_TYPES_H 1
#define HAVE_SYS_STAT_H 1
#define HAVE_STDLIB_H 1
#define HAVE_STRING_H 1
#define HAVE_MEMORY_H 1
#define HAVE_STRINGS_H 1
#define HAVE_INTTYPES_H 1
#define HAVE_STDINT_H 1
#define HAVE_UNISTD_H 1
#define HAVE_DLFCN_H 1
#define LT_OBJDIR ".libs/"
#define GST_PACKAGE_NAME "GStreamer OpenMAX Plug-ins git"
#define GST_PACKAGE_ORIGIN "Unknown package origin"
#define HAVE_CPU_ARM 1
#define HOST_CPU "armv6l"
#define _FILE_OFFSET_BITS 64
#define STDC_HEADERS 1
#define HAVE_PRETTY_FUNCTION 1
#define HAVE_FUNCTION 1
#define HAVE_FUNC 1
#define GST_FUNCTION __PRETTY_FUNCTION__
#define HAVE_DECL_OMX_VIDEO_CODINGVP8 0
#define USE_OMX_TARGET_RPI 1
#define GST_OMX_STRUCT_PACKING 4
#define GST_LICENSE "LGPL"
#define PLUGINDIR "/usr/local/lib/gstreamer-0.10"
#define GST_PACKAGE_RELEASE_DATETIME "2013-06-13T22:16Z"
#define GST_LEVEL_DEFAULT GST_LEVEL_ERROR
#define DEFAULT_AUDIOSINK "autoaudiosink"
#define DEFAULT_AUDIOSRC "alsasrc"
#define DEFAULT_VIDEOSINK "autovideosink"
#define DEFAULT_VIDEOSRC "v4l2src"
#define DEFAULT_VISUALIZER "goom"
#define HAVE_VIDEO_BASE_CLASSES 1

configure: exit 0

## ---------------------- ##
## Running config.status. ##
## ---------------------- ##

This file was extended by GStreamer OpenMAX Plug-ins config.status 0.10.0.1, which was
generated by GNU Autoconf 2.69.  Invocation command line was

  CONFIG_FILES    = 
  CONFIG_HEADERS  = 
  CONFIG_LINKS    = 
  CONFIG_COMMANDS = 
  $ ./config.status config.h

on pikachu2

config.status:1284: creating config.h
config.status:1465: config.h is unchanged
