This file contains any messages produced by compilers while
running configure, to aid debugging if configure makes a mistake.

It was created by GStreamer Base Plug-ins configure 0.10.36.1, which was
generated by GNU Autoconf 2.69.  Invocation command line was

  $ ./configure --enable-maintainer-mode --enable-gtk-doc --with-aclocal=aclocal-1.11 --disable-gtk-doc --disable-tests --disable-exaxmples --disable-debug --disable-debugutils --disable-orc

## --------- ##
## Platform. ##
## --------- ##

hostname = urmel2
uname -m = armv6l
uname -r = 3.6.11+
uname -s = Linux
uname -v = #456 PREEMPT Mon May 20 17:42:15 BST 2013

/usr/bin/uname -p = unknown
/bin/uname -X     = unknown

/bin/arch              = unknown
/usr/bin/arch -k       = unknown
/usr/convex/getsysinfo = unknown
/usr/bin/hostinfo      = unknown
/bin/machine           = unknown
/usr/bin/oslevel       = unknown
/bin/universe          = unknown

PATH: /usr/local/sbin
PATH: /usr/local/bin
PATH: /usr/sbin
PATH: /usr/bin
PATH: /sbin
PATH: /bin


## ----------- ##
## Core tests. ##
## ----------- ##

configure:3303: checking build system type
configure:3317: result: armv6l-unknown-linux-gnueabihf
configure:3337: checking host system type
configure:3350: result: armv6l-unknown-linux-gnueabihf
configure:3370: checking target system type
configure:3383: result: armv6l-unknown-linux-gnueabihf
configure:3429: checking for a BSD-compatible install
configure:3497: result: /usr/bin/install -c
configure:3508: checking whether build environment is sane
configure:3558: result: yes
configure:3699: checking for a thread-safe mkdir -p
configure:3738: result: /bin/mkdir -p
configure:3751: checking for gawk
configure:3781: result: no
configure:3751: checking for mawk
configure:3767: found /usr/bin/mawk
configure:3778: result: mawk
configure:3789: checking whether make sets $(MAKE)
configure:3811: result: yes
configure:3903: checking nano version
configure:3915: result: 1
configure:3935: checking whether to enable maintainer-specific portions of Makefiles
configure:3944: result: yes
configure:3971: checking whether make supports nested variables
configure:3988: result: yes
configure:4377: checking how to print strings
configure:4404: result: printf
configure:4437: checking for style of include used by make
configure:4465: result: GNU
configure:4536: checking for gcc
configure:4552: found /usr/bin/gcc
configure:4563: result: gcc
configure:4792: checking for C compiler version
configure:4801: gcc --version >&5
gcc (Debian 4.6.3-14+rpi1) 4.6.3
Copyright (C) 2011 Free Software Foundation, Inc.
This is free software; see the source for copying conditions.  There is NO
warranty; not even for MERCHANTABILITY or FITNESS FOR A PARTICULAR PURPOSE.

configure:4812: $? = 0
configure:4801: gcc -v >&5
Using built-in specs.
COLLECT_GCC=gcc
COLLECT_LTO_WRAPPER=/usr/lib/gcc/arm-linux-gnueabihf/4.6/lto-wrapper
Target: arm-linux-gnueabihf
Configured with: ../src/configure -v --with-pkgversion='Debian 4.6.3-14+rpi1' --with-bugurl=file:///usr/share/doc/gcc-4.6/README.Bugs --enable-languages=c,c++,fortran,objc,obj-c++ --prefix=/usr --program-suffix=-4.6 --enable-shared --enable-linker-build-id --with-system-zlib --libexecdir=/usr/lib --without-included-gettext --enable-threads=posix --with-gxx-include-dir=/usr/include/c++/4.6 --libdir=/usr/lib --enable-nls --with-sysroot=/ --enable-clocale=gnu --enable-libstdcxx-debug --enable-libstdcxx-time=yes --enable-gnu-unique-object --enable-plugin --enable-objc-gc --disable-sjlj-exceptions --with-arch=armv6 --with-fpu=vfp --with-float=hard --enable-checking=release --build=arm-linux-gnueabihf --host=arm-linux-gnueabihf --target=arm-linux-gnueabihf
Thread model: posix
gcc version 4.6.3 (Debian 4.6.3-14+rpi1) 
configure:4812: $? = 0
configure:4801: gcc -V >&5
gcc: error: unrecognized option '-V'
gcc: fatal error: no input files
compilation terminated.
configure:4812: $? = 4
configure:4801: gcc -qversion >&5
gcc: error: unrecognized option '-qversion'
gcc: fatal error: no input files
compilation terminated.
configure:4812: $? = 4
configure:4832: checking whether the 